New log file opened at Sat Sep 23 06:45:40 EDT 2017 by 55913@Mohammads-MacBook-Pro.local
Taking next connection to: 62349
New client attempting to connect on port: 62350-62349
  Address = /35.3.96.93:62349
This client on port 62350 has uuid fe7c5737-ae12-4856-82dd-bc5b6dc1fd94 configName activator humanReadableName Activator protocolVersion 3 featureTags Vector()
Connected Clients: activator-fe7c5737-ae12-4856-82dd-bc5b6dc1fd94
Taking next connection to: 62349
Checking to see if clients are empty...
We have 1 non-daemon clients, continuing serving connections.
Taking next connection to: 62349
Checking to see if clients are empty...
We have 1 non-daemon clients, continuing serving connections.
Taking next connection to: 62349
Checking to see if clients are empty...
We have 1 non-daemon clients, continuing serving connections.
Taking next connection to: 62349
Checking to see if clients are empty...
We have 1 non-daemon clients, continuing serving connections.
Taking next connection to: 62349
Checking to see if clients are empty...
No non-daemon clients connected after 3 min. Shutting down.
Server socket thread exiting.
0 clients open, will close them...
All client sockets have been closed.
Closing the 55913@Mohammads-MacBook-Pro.local logs at Sat Sep 23 07:00:41 EDT 2017, goodbye.
